2024-10-14 22:11:08-root-WARNING
2024-10-14 22:11:08-root-ERROR
2024-10-14 22:11:08-root-CRITICAL
2024-10-14 22:18:21-MyLogger-WARNING
2024-10-14 22:18:21-MyLogger-ERROR
2024-10-14 22:18:21-MyLogger-CRITICAL
2024-10-14 22:47:23-MyLogger-DEBUG
2024-10-14 22:47:24-MyLogger-INFO
2024-10-14 22:47:24-MyLogger-WARNING
2024-10-14 22:47:24-MyLogger-ERROR
2024-10-14 22:47:24-MyLogger-CRITICAL
2024-10-14 22:47:44-MyLogger-DEBUG
2024-10-14 22:47:44-MyLogger-INFO
2024-10-14 22:47:44-MyLogger-WARNING
2024-10-14 22:47:44-MyLogger-ERROR
2024-10-14 22:47:44-MyLogger-CRITICAL
2024-10-14 22:49:05-MyLogger-DEBUG
2024-10-14 22:49:05-MyLogger-INFO
2024-10-14 22:49:05-MyLogger-WARNING
2024-10-14 22:49:05-MyLogger-ERROR
2024-10-14 22:49:05-MyLogger-CRITICAL
2024-10-14 22:49:20-MyLogger-DEBUG
2024-10-14 22:49:20-MyLogger-INFO
2024-10-14 22:49:20-MyLogger-WARNING
2024-10-14 22:49:20-MyLogger-ERROR
2024-10-14 22:49:20-MyLogger-CRITICAL
